[debug] [2022-11-10T11:12:01.993Z] ----------------------------------------------------------------------
[debug] [2022-11-10T11:12:01.997Z] Command:       /Users/rofhiwa/.npm-global/lib/node_modules/node/bin/node /Users/rofhiwa/.npm-global/bin/firebase deploy
[debug] [2022-11-10T11:12:01.998Z] CLI Version:   11.16.0
[debug] [2022-11-10T11:12:01.998Z] Platform:      darwin
[debug] [2022-11-10T11:12:01.998Z] Node Version:  v19.0.1
[debug] [2022-11-10T11:12:01.999Z] Time:          Thu Nov 10 2022 13:12:01 GMT+0200 (South Africa Standard Time)
[debug] [2022-11-10T11:12:01.999Z] ----------------------------------------------------------------------
[debug] 
[debug] [2022-11-10T11:12:02.002Z] >>> [apiv2][query] GET https://firebase-public.firebaseio.com/cli.json [none]
[debug] [2022-11-10T11:12:02.242Z] > refreshing access token with scopes: []
[debug] [2022-11-10T11:12:02.244Z] >>> [apiv2][query] POST https://www.googleapis.com/oauth2/v3/token [none]
[debug] [2022-11-10T11:12:02.245Z] >>> [apiv2][body] POST https://www.googleapis.com/oauth2/v3/token [omitted]
[debug] [2022-11-10T11:12:02.775Z] <<< [apiv2][status] POST https://www.googleapis.com/oauth2/v3/token 200
[debug] [2022-11-10T11:12:02.776Z] <<< [apiv2][body] POST https://www.googleapis.com/oauth2/v3/token [omitted]
[debug] [2022-11-10T11:12:02.881Z] >>> [apiv2][query] GET https://firebase.googleapis.com/v1beta1/projects/undefined [none]
[debug] [2022-11-10T11:12:02.927Z] <<< [apiv2][status] GET https://firebase-public.firebaseio.com/cli.json 200
[debug] [2022-11-10T11:12:02.927Z] <<< [apiv2][body] GET https://firebase-public.firebaseio.com/cli.json {"cloudBuildErrorAfter":1594252800000,"cloudBuildWarnAfter":1590019200000,"defaultNode10After":1594252800000,"minVersion":"3.0.5","node8DeploysDisabledAfter":1613390400000,"node8RuntimeDisabledAfter":1615809600000,"node8WarnAfter":1600128000000}
[debug] [2022-11-10T11:12:03.789Z] <<< [apiv2][status] GET https://firebase.googleapis.com/v1beta1/projects/undefined 403
[debug] [2022-11-10T11:12:03.790Z] <<< [apiv2][body] GET https://firebase.googleapis.com/v1beta1/projects/undefined {"error":{"code":403,"message":"The caller does not have permission","status":"PERMISSION_DENIED"}}
[debug] [2022-11-10T11:12:03.791Z] HTTP Error: 403, The caller does not have permission
[debug] [2022-11-10T11:12:04.244Z] FirebaseError: HTTP Error: 403, The caller does not have permission
    at responseToError (/Users/rofhiwa/.npm-global/lib/node_modules/firebase-tools/lib/responseToError.js:49:12)
    at RetryOperation._fn (/Users/rofhiwa/.npm-global/lib/node_modules/firebase-tools/lib/apiv2.js:288:77)
    at process.processTicksAndRejections (node:internal/process/task_queues:95:5)
[error] 
[error] Error: Failed to get Firebase project undefined. Please make sure the project exists and your account has permission to access it.
